生成启动时间为 2023/6/21 8:54:23。
     1>项目“C:\Users\lenovo\OneDrive\桌面\c\小游戏\测试\测试\测试.vcxproj”在节点 2 上(Build 个目标)。
     1>ClCompile:
         D:\WPS Office\vs\VC\bin\CL.exe /c /ZI /nologo /W3 /WX- /Od /Oy- /D _UNICODE /D UNICODE /Gm /EHsc /RTC1 /MDd /GS /fp:precise /Zc:wchar_t /Zc:forScope /Fo"Debug\\" /Fd"Debug\vc110.pdb" /Gd /TP /analyze- /errorReport:prompt "源.cpp"
         源.cpp
     1>c:\users\lenovo\onedrive\桌面\c\小游戏\测试\测试\源.cpp(34): warning C4996: 'scanf': This function or variable may be unsafe. Consider using scanf_s instead. To disable deprecation, use _CRT_SECURE_NO_WARNINGS. See online help for details.
                 d:\wps office\vs\vc\include\stdio.h(290) : 参见“scanf”的声明
     1>c:\users\lenovo\onedrive\桌面\c\小游戏\测试\测试\源.cpp(181): warning C4996: 'kbhit': The POSIX name for this item is deprecated. Instead, use the ISO C++ conformant name: _kbhit. See online help for details.
                 d:\wps office\vs\vc\include\conio.h(133) : 参见“kbhit”的声明
     1>c:\users\lenovo\onedrive\桌面\c\小游戏\测试\测试\源.cpp(183): warning C4996: 'getch': The POSIX name for this item is deprecated. Instead, use the ISO C++ conformant name: _getch. See online help for details.
                 d:\wps office\vs\vc\include\conio.h(131) : 参见“getch”的声明
     1>c:\users\lenovo\onedrive\桌面\c\小游戏\测试\测试\源.cpp(247): warning C4996: 'fopen': This function or variable may be unsafe. Consider using fopen_s instead. To disable deprecation, use _CRT_SECURE_NO_WARNINGS. See online help for details.
                 d:\wps office\vs\vc\include\stdio.h(218) : 参见“fopen”的声明
     1>c:\users\lenovo\onedrive\桌面\c\小游戏\测试\测试\源.cpp(245): warning C4101: “j”: 未引用的局部变量
       Link:
         D:\WPS Office\vs\VC\bin\link.exe /ERRORREPORT:PROMPT /OUT:"C:\Users\lenovo\OneDrive\桌面\c\小游戏\测试\Debug\测试.exe" /INCREMENTAL /NOLOGO kernel32.lib user32.lib gdi32.lib winspool.lib comdlg32.lib advapi32.lib shell32.lib ole32.lib oleaut32.lib uuid.lib odbc32.lib odbccp32.lib /MANIFEST /MANIFESTUAC:"level='asInvoker' uiAccess='false'" /manifest:embed /DEBUG /PDB:"C:\Users\lenovo\OneDrive\桌面\c\小游戏\测试\Debug\测试.pdb" /SUBSYSTEM:CONSOLE /TLBID:1 /DYNAMICBASE /NXCOMPAT /IMPLIB:"C:\Users\lenovo\OneDrive\桌面\c\小游戏\测试\Debug\测试.lib" /MACHINE:X86 "Debug\源.obj"
         测试.vcxproj -> C:\Users\lenovo\OneDrive\桌面\c\小游戏\测试\Debug\测试.exe
     1>已完成生成项目“C:\Users\lenovo\OneDrive\桌面\c\小游戏\测试\测试\测试.vcxproj”(Build 个目标)的操作。

生成成功。

已用时间 00:00:03.49
