C:\USERS\LENOVO\ONEDRIVE\桌面\C\小游戏\猜数字游戏\PROJECT1\DEBUG\源.C.NATIVECODEANALYSIS.XML
C:\USERS\LENOVO\ONEDRIVE\桌面\C\小游戏\猜数字游戏\PROJECT1\DEBUG\源.OBJ
C:\USERS\LENOVO\ONEDRIVE\桌面\C\小游戏\猜数字游戏\PROJECT1\DEBUG\VC110.PDB
C:\USERS\LENOVO\ONEDRIVE\桌面\C\小游戏\猜数字游戏\DEBUG\PROJECT1.ILK
C:\USERS\LENOVO\ONEDRIVE\桌面\C\小游戏\猜数字游戏\DEBUG\PROJECT1.EXE
C:\USERS\LENOVO\ONEDRIVE\桌面\C\小游戏\猜数字游戏\DEBUG\PROJECT1.PDB
C:\Users\lenovo\OneDrive\桌面\c\小游戏\猜数字游戏\Project1\Debug\源.obj
C:\Users\lenovo\OneDrive\桌面\c\小游戏\猜数字游戏\Project1\Debug\cl.command.1.tlog
C:\Users\lenovo\OneDrive\桌面\c\小游戏\猜数字游戏\Project1\Debug\CL.read.1.tlog
C:\Users\lenovo\OneDrive\桌面\c\小游戏\猜数字游戏\Project1\Debug\CL.write.1.tlog
C:\Users\lenovo\OneDrive\桌面\c\小游戏\猜数字游戏\Project1\Debug\link-cvtres.read.1.tlog
C:\Users\lenovo\OneDrive\桌面\c\小游戏\猜数字游戏\Project1\Debug\link-cvtres.write.1.tlog
C:\Users\lenovo\OneDrive\桌面\c\小游戏\猜数字游戏\Project1\Debug\link-rc.read.1.tlog
C:\Users\lenovo\OneDrive\桌面\c\小游戏\猜数字游戏\Project1\Debug\link-rc.write.1.tlog
C:\Users\lenovo\OneDrive\桌面\c\小游戏\猜数字游戏\Project1\Debug\link.18864-cvtres.read.1.tlog
C:\Users\lenovo\OneDrive\桌面\c\小游戏\猜数字游戏\Project1\Debug\link.18864-cvtres.write.1.tlog
C:\Users\lenovo\OneDrive\桌面\c\小游戏\猜数字游戏\Project1\Debug\link.18864-rc.read.1.tlog
C:\Users\lenovo\OneDrive\桌面\c\小游戏\猜数字游戏\Project1\Debug\link.18864-rc.write.1.tlog
C:\Users\lenovo\OneDrive\桌面\c\小游戏\猜数字游戏\Project1\Debug\link.18864.read.1.tlog
C:\Users\lenovo\OneDrive\桌面\c\小游戏\猜数字游戏\Project1\Debug\link.18864.write.1.tlog
C:\Users\lenovo\OneDrive\桌面\c\小游戏\猜数字游戏\Project1\Debug\link.command.1.tlog
C:\Users\lenovo\OneDrive\桌面\c\小游戏\猜数字游戏\Project1\Debug\link.read.1.tlog
C:\Users\lenovo\OneDrive\桌面\c\小游戏\猜数字游戏\Project1\Debug\link.write.1.tlog
C:\Users\lenovo\OneDrive\桌面\c\小游戏\猜数字游戏\Project1\Debug\NativeCodeAnalysis.read.1.tlog
C:\Users\lenovo\OneDrive\桌面\c\小游戏\猜数字游戏\Project1\Debug\vc110.idb
C:\Users\lenovo\OneDrive\桌面\c\小游戏\猜数字游戏\Project1\Debug\vc110.pdb
C:\Users\lenovo\OneDrive\桌面\c\小游戏\猜数字游戏\Project1\Debug\vc.nativecodeanalysis.all.xml
C:\Users\lenovo\OneDrive\桌面\c\小游戏\猜数字游戏\Project1\Debug\源.c.nativecodeanalysis.xml
C:\Users\lenovo\OneDrive\桌面\c\小游戏\猜数字游戏\Debug\Project1.pdb
C:\Users\lenovo\OneDrive\桌面\c\小游戏\猜数字游戏\Debug\Project1.exe
C:\Users\lenovo\OneDrive\桌面\c\小游戏\猜数字游戏\Debug\Project1.ilk
C:\Users\lenovo\OneDrive\桌面\c\小游戏\猜数字游戏\Debug\Project1.exe.lastcodeanalysissucceeded
